<?xml version="1.0" encoding="UTF-8"?>
<!-- Generated by org.testng.reporters.JUnitReportReporter -->
<testsuite hostname="MSI" failures="0" tests="1" name="qa.ui.tests.GoogleTests" time="2.615" errors="0" timestamp="2023-04-02T18:15:38 EEST" skipped="0">
  <testcase classname="qa.ui.tests.GoogleTests" name="findSpeficPage" time="2.615"/>
  <system-out/>
</testsuite> <!-- qa.ui.tests.GoogleTests -->
